<?xml version="1.0" encoding="UTF-8"?>
<!-- Generated by org.testng.reporters.JUnitXMLReporter -->
<testsuite ignored="0" hostname="LAPTOP-3DV3BQ6I" failures="1" tests="8" name="Surefire test" time="37.404" errors="0" timestamp="2024-01-15T13:42:51 IST">
  <testcase classname="api.tests.DDTests" name="testPostuser" time="3.121">
    <failure type="org.testng.internal.reflect.MethodMatcherException" message="
[public void api.tests.DDTests.testPostuser(java.lang.String,java.lang.String,java.lang.String,java.lang.String,java.lang.String,java.lang.String,java.lang.String)] has no parameters defined but was found to be using a data provider (either explicitly specified or inherited from class level annotation).
Data provider mismatch
Method: testPostuser([java.lang.String arg0, java.lang.String arg1, java.lang.String arg2, java.lang.String arg3, java.lang.String arg4, java.lang.String arg5, java.lang.String arg6])
Arguments: [(java.lang.String) 1010,(java.lang.String) testuser1,(java.lang.String) John]">
      <![CDATA[org.testng.internal.reflect.MethodMatcherException: 
[public void api.tests.DDTests.testPostuser(java.lang.String,java.lang.String,java.lang.String,java.lang.String,java.lang.String,java.lang.String,java.lang.String)] has no parameters defined but was found to be using a data provider (either explicitly specified or inherited from class level annotation).
Data provider mismatch
Method: testPostuser([java.lang.String arg0, java.lang.String arg1, java.lang.String arg2, java.lang.String arg3, java.lang.String arg4, java.lang.String arg5, java.lang.String arg6])
Arguments: [(java.lang.String) 1010,(java.lang.String) testuser1,(java.lang.String) John]
at java.base/java.util.ArrayList.forEach(ArrayList.java:1511)
... Removed 27 stack frames]]>
    </failure>
  </testcase> <!-- testPostuser -->
  <testcase classname="api.tests.DDTests" name="testDeleteUserByName" time="7.144"/>
  <testcase classname="api.tests.DDTests" name="testDeleteUserByName" time="5.269"/>
  <testcase classname="api.tests.DDTests" name="testDeleteUserByName" time="3.55"/>
  <testcase classname="api.tests.UserTests" name="testPostUser" time="2.314"/>
  <testcase classname="api.tests.UserTests" name="testGetUserByName" time="2.86"/>
  <testcase classname="api.tests.UserTests" name="testUpdateUserbyName" time="9.21"/>
  <testcase classname="api.tests.UserTests" name="testDeleteUserByName" time="3.276"/>
</testsuite> <!-- Surefire test -->
