<?xml version="1.0" encoding="UTF-8"?>
<testng-results ignored="0" total="4" passed="4" failed="0" skipped="0">
  <reporter-output>
  </reporter-output>
  <suite started-at="2024-01-15T14:03:27 IST" name="PetSuite" finished-at="2024-01-15T14:03:45 IST" duration-ms="17498">
    <groups>
    </groups>
    <test started-at="2024-01-15T14:03:27 IST" name="PetTests" finished-at="2024-01-15T14:03:45 IST" duration-ms="17498">
      <class name="api.tests.UserTests2">
        <test-method is-config="true" signature="setup()[pri:0, instance:api.tests.UserTests2@5fdcaa40]" started-at="2024-01-15T14:03:27 IST" name="setup" finished-at="2024-01-15T14:03:28 IST" duration-ms="1051" status="PASS">
          <reporter-output>
          </reporter-output>
        </test-method> <!-- setup -->
        <test-method signature="testPostUser()[pri:1, instance:api.tests.UserTests2@5fdcaa40]" started-at="2024-01-15T14:03:28 IST" name="testPostUser" finished-at="2024-01-15T14:03:33 IST" duration-ms="4715" status="PASS">
          <reporter-output>
          </reporter-output>
        </test-method> <!-- testPostUser -->
        <test-method signature="testGetUserByName()[pri:2, instance:api.tests.UserTests2@5fdcaa40]" started-at="2024-01-15T14:03:33 IST" name="testGetUserByName" finished-at="2024-01-15T14:03:37 IST" duration-ms="3576" status="PASS">
          <reporter-output>
          </reporter-output>
        </test-method> <!-- testGetUserByName -->
        <test-method signature="testUpdateUserbyName()[pri:3, instance:api.tests.UserTests2@5fdcaa40]" started-at="2024-01-15T14:03:37 IST" name="testUpdateUserbyName" finished-at="2024-01-15T14:03:43 IST" duration-ms="6050" status="PASS">
          <reporter-output>
          </reporter-output>
        </test-method> <!-- testUpdateUserbyName -->
        <test-method signature="testDeleteUserByName()[pri:4, instance:api.tests.UserTests2@5fdcaa40]" started-at="2024-01-15T14:03:43 IST" name="testDeleteUserByName" finished-at="2024-01-15T14:03:45 IST" duration-ms="1862" status="PASS">
          <reporter-output>
          </reporter-output>
        </test-method> <!-- testDeleteUserByName -->
      </class> <!-- api.tests.UserTests2 -->
    </test> <!-- PetTests -->
  </suite> <!-- PetSuite -->
</testng-results>
