<?xml version="1.0" encoding="UTF-8"?>
<!-- Generated by org.testng.reporters.JUnitXMLReporter -->
<testsuite ignored="0" hostname="LAPTOP-3DV3BQ6I" failures="0" tests="4" name="PetTests" time="17.498" errors="0" timestamp="2024-01-15T14:03:45 IST">
  <testcase classname="api.tests.UserTests2" name="testPostUser" time="4.715"/>
  <testcase classname="api.tests.UserTests2" name="testGetUserByName" time="3.576"/>
  <testcase classname="api.tests.UserTests2" name="testUpdateUserbyName" time="6.05"/>
  <testcase classname="api.tests.UserTests2" name="testDeleteUserByName" time="1.862"/>
</testsuite> <!-- PetTests -->
