<?xml version="1.0" encoding="UTF-8"?>
<!-- Generated by org.testng.reporters.JUnitXMLReporter -->
<testsuite ignored="0" hostname="LAPTOP-3DV3BQ6I" failures="0" tests="4" name="PetTests" time="26.557" errors="0" timestamp="2024-01-15T13:30:25 IST">
  <testcase classname="api.tests.UserTests2" name="testPostUser" time="7.743"/>
  <testcase classname="api.tests.UserTests2" name="testGetUserByName" time="3.622"/>
  <testcase classname="api.tests.UserTests2" name="testUpdateUserbyName" time="7.562"/>
  <testcase classname="api.tests.UserTests2" name="testDeleteUserByName" time="4.173"/>
</testsuite> <!-- PetTests -->
